Analysis & Synthesis report for UControl
Tue May 24 19:18:06 2022
Quartus Prime Version 18.1.0 Build 625 09/12/2018 SJ Lite Edition


---------------------
; Table of Contents ;
---------------------
  1. Legal Notice
  2. Analysis & Synthesis Summary
  3. Analysis & Synthesis Settings
  4. Parallel Compilation
  5. Analysis & Synthesis Source Files Read
  6. Analysis & Synthesis Resource Usage Summary
  7. Analysis & Synthesis Resource Utilization by Entity
  8. Registers Removed During Synthesis
  9. Removed Registers Triggering Further Register Optimizations
 10. General Register Statistics
 11. Post-Synthesis Netlist Statistics for Top Partition
 12. Elapsed Time Per Partition
 13. Analysis & Synthesis Messages



----------------
; Legal Notice ;
----------------
Copyright (C) 2018  Intel Corporation. All rights reserved.
Your use of Intel Corporation's design tools, logic functions 
and other software and tools, and its AMPP partner logic 
functions, and any output files from any of the foregoing 
(including device programming or simulation files), and any 
associated documentation or information are expressly subject 
to the terms and conditions of the Intel Program License 
Subscription Agreement, the Intel Quartus Prime License Agreement,
the Intel FPGA IP License Agreement, or other applicable license
agreement, including, without limitation, that your use is for
the sole purpose of programming logic devices manufactured by
Intel and sold by Intel or its authorized distributors.  Please
refer to the applicable agreement for further details.



+----------------------------------------------------------------------------------+
; Analysis & Synthesis Summary                                                     ;
+------------------------------------+---------------------------------------------+
; Analysis & Synthesis Status        ; Successful - Tue May 24 19:18:06 2022       ;
; Quartus Prime Version              ; 18.1.0 Build 625 09/12/2018 SJ Lite Edition ;
; Revision Name                      ; UControl                                    ;
; Top-level Entity Name              ; UControl                                    ;
; Family                             ; MAX 10                                      ;
; Total logic elements               ; 5                                           ;
;     Total combinational functions  ; 3                                           ;
;     Dedicated logic registers      ; 4                                           ;
; Total registers                    ; 4                                           ;
; Total pins                         ; 145                                         ;
; Total virtual pins                 ; 0                                           ;
; Total memory bits                  ; 0                                           ;
; Embedded Multiplier 9-bit elements ; 0                                           ;
; Total PLLs                         ; 0                                           ;
; UFM blocks                         ; 0                                           ;
; ADC blocks                         ; 0                                           ;
+------------------------------------+---------------------------------------------+


+------------------------------------------------------------------------------------------------------------+
; Analysis & Synthesis Settings                                                                              ;
+------------------------------------------------------------------+--------------------+--------------------+
; Option                                                           ; Setting            ; Default Value      ;
+------------------------------------------------------------------+--------------------+--------------------+
; Device                                                           ; 10M50DAF484C7G     ;                    ;
; Top-level entity name                                            ; UControl           ; UControl           ;
; Family name                                                      ; MAX 10             ; Cyclone V          ;
; Use smart compilation                                            ; Off                ; Off                ;
; Enable parallel Assembler and Timing Analyzer during compilation ; On                 ; On                 ;
; Enable compact report table                                      ; Off                ; Off                ;
; Restructure Multiplexers                                         ; Auto               ; Auto               ;
; Create Debugging Nodes for IP Cores                              ; Off                ; Off                ;
; Preserve fewer node names                                        ; On                 ; On                 ;
; Intel FPGA IP Evaluation Mode                                    ; Enable             ; Enable             ;
; Verilog Version                                                  ; Verilog_2001       ; Verilog_2001       ;
; VHDL Version                                                     ; VHDL_1993          ; VHDL_1993          ;
; State Machine Processing                                         ; Auto               ; Auto               ;
; Safe State Machine                                               ; Off                ; Off                ;
; Extract Verilog State Machines                                   ; On                 ; On                 ;
; Extract VHDL State Machines                                      ; On                 ; On                 ;
; Ignore Verilog initial constructs                                ; Off                ; Off                ;
; Iteration limit for constant Verilog loops                       ; 5000               ; 5000               ;
; Iteration limit for non-constant Verilog loops                   ; 250                ; 250                ;
; Add Pass-Through Logic to Inferred RAMs                          ; On                 ; On                 ;
; Infer RAMs from Raw Logic                                        ; On                 ; On                 ;
; Parallel Synthesis                                               ; On                 ; On                 ;
; DSP Block Balancing                                              ; Auto               ; Auto               ;
; NOT Gate Push-Back                                               ; On                 ; On                 ;
; Power-Up Don't Care                                              ; On                 ; On                 ;
; Remove Redundant Logic Cells                                     ; Off                ; Off                ;
; Remove Duplicate Registers                                       ; On                 ; On                 ;
; Ignore CARRY Buffers                                             ; Off                ; Off                ;
; Ignore CASCADE Buffers                                           ; Off                ; Off                ;
; Ignore GLOBAL Buffers                                            ; Off                ; Off                ;
; Ignore ROW GLOBAL Buffers                                        ; Off                ; Off                ;
; Ignore LCELL Buffers                                             ; Off                ; Off                ;
; Ignore SOFT Buffers                                              ; On                 ; On                 ;
; Limit AHDL Integers to 32 Bits                                   ; Off                ; Off                ;
; Optimization Technique                                           ; Balanced           ; Balanced           ;
; Carry Chain Length                                               ; 70                 ; 70                 ;
; Auto Carry Chains                                                ; On                 ; On                 ;
; Auto Open-Drain Pins                                             ; On                 ; On                 ;
; Perform WYSIWYG Primitive Resynthesis                            ; Off                ; Off                ;
; Auto ROM Replacement                                             ; On                 ; On                 ;
; Auto RAM Replacement                                             ; On                 ; On                 ;
; Auto DSP Block Replacement                                       ; On                 ; On                 ;
; Auto Shift Register Replacement                                  ; Auto               ; Auto               ;
; Allow Shift Register Merging across Hierarchies                  ; Auto               ; Auto               ;
; Auto Clock Enable Replacement                                    ; On                 ; On                 ;
; Strict RAM Replacement                                           ; Off                ; Off                ;
; Allow Synchronous Control Signals                                ; On                 ; On                 ;
; Force Use of Synchronous Clear Signals                           ; Off                ; Off                ;
; Auto RAM Block Balancing                                         ; On                 ; On                 ;
; Auto RAM to Logic Cell Conversion                                ; Off                ; Off                ;
; Auto Resource Sharing                                            ; Off                ; Off                ;
; Allow Any RAM Size For Recognition                               ; Off                ; Off                ;
; Allow Any ROM Size For Recognition                               ; Off                ; Off                ;
; Allow Any Shift Register Size For Recognition                    ; Off                ; Off                ;
; Use LogicLock Constraints during Resource Balancing              ; On                 ; On                 ;
; Ignore translate_off and synthesis_off directives                ; Off                ; Off                ;
; Timing-Driven Synthesis                                          ; On                 ; On                 ;
; Report Parameter Settings                                        ; On                 ; On                 ;
; Report Source Assignments                                        ; On                 ; On                 ;
; Report Connectivity Checks                                       ; On                 ; On                 ;
; Ignore Maximum Fan-Out Assignments                               ; Off                ; Off                ;
; Synchronization Register Chain Length                            ; 2                  ; 2                  ;
; Power Optimization During Synthesis                              ; Normal compilation ; Normal compilation ;
; HDL message level                                                ; Level2             ; Level2             ;
; Suppress Register Optimization Related Messages                  ; Off                ; Off                ;
; Number of Removed Registers Reported in Synthesis Report         ; 5000               ; 5000               ;
; Number of Swept Nodes Reported in Synthesis Report               ; 5000               ; 5000               ;
; Number of Inverted Registers Reported in Synthesis Report        ; 100                ; 100                ;
; Clock MUX Protection                                             ; On                 ; On                 ;
; Auto Gated Clock Conversion                                      ; Off                ; Off                ;
; Block Design Naming                                              ; Auto               ; Auto               ;
; SDC constraint protection                                        ; Off                ; Off                ;
; Synthesis Effort                                                 ; Auto               ; Auto               ;
; Shift Register Replacement - Allow Asynchronous Clear Signal     ; On                 ; On                 ;
; Pre-Mapping Resynthesis Optimization                             ; Off                ; Off                ;
; Analysis & Synthesis Message Level                               ; Medium             ; Medium             ;
; Disable Register Merging Across Hierarchies                      ; Auto               ; Auto               ;
; Resource Aware Inference For Block RAM                           ; On                 ; On                 ;
+------------------------------------------------------------------+--------------------+--------------------+


+------------------------------------------+
; Parallel Compilation                     ;
+----------------------------+-------------+
; Processors                 ; Number      ;
+----------------------------+-------------+
; Number detected on machine ; 12          ;
; Maximum allowed            ; 6           ;
;                            ;             ;
; Average used               ; 1.00        ;
; Maximum used               ; 6           ;
;                            ;             ;
; Usage by Processor         ; % Time Used ;
;     Processor 1            ; 100.0%      ;
;     Processors 2-6         ;   0.0%      ;
+----------------------------+-------------+


+------------------------------------------------------------------------------------------------------------------------------------------------+
; Analysis & Synthesis Source Files Read                                                                                                         ;
+----------------------------------+-----------------+-----------------------+---------------------------------------------------------+---------+
; File Name with User-Entered Path ; Used in Netlist ; File Type             ; File Name with Absolute Path                            ; Library ;
+----------------------------------+-----------------+-----------------------+---------------------------------------------------------+---------+
; ucontrol.vhd                     ; yes             ; Auto-Found VHDL File  ; C:/Users/DanielC/Desktop/MiQroV11/UControl/ucontrol.vhd ;         ;
+----------------------------------+-----------------+-----------------------+---------------------------------------------------------+---------+


+--------------------------------------------------------+
; Analysis & Synthesis Resource Usage Summary            ;
+---------------------------------------------+----------+
; Resource                                    ; Usage    ;
+---------------------------------------------+----------+
; Estimated Total logic elements              ; 5        ;
;                                             ;          ;
; Total combinational functions               ; 3        ;
; Logic element usage by number of LUT inputs ;          ;
;     -- 4 input functions                    ; 0        ;
;     -- 3 input functions                    ; 0        ;
;     -- <=2 input functions                  ; 3        ;
;                                             ;          ;
; Logic elements by mode                      ;          ;
;     -- normal mode                          ; 3        ;
;     -- arithmetic mode                      ; 0        ;
;                                             ;          ;
; Total registers                             ; 4        ;
;     -- Dedicated logic registers            ; 4        ;
;     -- I/O registers                        ; 0        ;
;                                             ;          ;
; I/O pins                                    ; 145      ;
;                                             ;          ;
; Embedded Multiplier 9-bit elements          ; 0        ;
;                                             ;          ;
; Maximum fan-out node                        ; Equal0~0 ;
; Maximum fan-out                             ; 14       ;
; Total fan-out                               ; 192      ;
; Average fan-out                             ; 0.65     ;
+---------------------------------------------+----------+


+------------------------------------------------------------------------------------------------------------------------------------------------------------------------------------------------------------------------------------+
; Analysis & Synthesis Resource Utilization by Entity                                                                                                                                                                                ;
+----------------------------+---------------------+---------------------------+-------------+------------+--------------+---------+-----------+------+--------------+------------+---------------------+-------------+--------------+
; Compilation Hierarchy Node ; Combinational ALUTs ; Dedicated Logic Registers ; Memory Bits ; UFM Blocks ; DSP Elements ; DSP 9x9 ; DSP 18x18 ; Pins ; Virtual Pins ; ADC blocks ; Full Hierarchy Name ; Entity Name ; Library Name ;
+----------------------------+---------------------+---------------------------+-------------+------------+--------------+---------+-----------+------+--------------+------------+---------------------+-------------+--------------+
; |UControl                  ; 3 (3)               ; 4 (4)                     ; 0           ; 0          ; 0            ; 0       ; 0         ; 145  ; 0            ; 0          ; |UControl           ; UControl    ; work         ;
+----------------------------+---------------------+---------------------------+-------------+------------+--------------+---------+-----------+------+--------------+------------+---------------------+-------------+--------------+
Note: For table entries with two numbers listed, the numbers in parentheses indicate the number of resources of the given type used by the specific entity alone. The numbers listed outside of parentheses indicate the total resources of the given type used by the specific entity and all of its sub-entities in the hierarchy.


+---------------------------------------------------------------------------------+
; Registers Removed During Synthesis                                              ;
+----------------------------------------+----------------------------------------+
; Register name                          ; Reason for Removal                     ;
+----------------------------------------+----------------------------------------+
; NextAddUC[2..15]                       ; Stuck at GND due to stuck port data_in ;
; address[2..15]                         ; Stuck at GND due to stuck port data_in ;
; Total Number of Removed Registers = 28 ;                                        ;
+----------------------------------------+----------------------------------------+


+------------------------------------------------------------------------------------+
; Removed Registers Triggering Further Register Optimizations                        ;
+---------------+---------------------------+----------------------------------------+
; Register name ; Reason for Removal        ; Registers Removed due to This Register ;
+---------------+---------------------------+----------------------------------------+
; NextAddUC[2]  ; Stuck at GND              ; address[2]                             ;
;               ; due to stuck port data_in ;                                        ;
; NextAddUC[3]  ; Stuck at GND              ; address[3]                             ;
;               ; due to stuck port data_in ;                                        ;
; NextAddUC[4]  ; Stuck at GND              ; address[4]                             ;
;               ; due to stuck port data_in ;                                        ;
; NextAddUC[5]  ; Stuck at GND              ; address[5]                             ;
;               ; due to stuck port data_in ;                                        ;
; NextAddUC[6]  ; Stuck at GND              ; address[6]                             ;
;               ; due to stuck port data_in ;                                        ;
; NextAddUC[7]  ; Stuck at GND              ; address[7]                             ;
;               ; due to stuck port data_in ;                                        ;
; NextAddUC[8]  ; Stuck at GND              ; address[8]                             ;
;               ; due to stuck port data_in ;                                        ;
; NextAddUC[9]  ; Stuck at GND              ; address[9]                             ;
;               ; due to stuck port data_in ;                                        ;
; NextAddUC[10] ; Stuck at GND              ; address[10]                            ;
;               ; due to stuck port data_in ;                                        ;
; NextAddUC[11] ; Stuck at GND              ; address[11]                            ;
;               ; due to stuck port data_in ;                                        ;
; NextAddUC[12] ; Stuck at GND              ; address[12]                            ;
;               ; due to stuck port data_in ;                                        ;
; NextAddUC[13] ; Stuck at GND              ; address[13]                            ;
;               ; due to stuck port data_in ;                                        ;
; NextAddUC[14] ; Stuck at GND              ; address[14]                            ;
;               ; due to stuck port data_in ;                                        ;
; NextAddUC[15] ; Stuck at GND              ; address[15]                            ;
;               ; due to stuck port data_in ;                                        ;
+---------------+---------------------------+----------------------------------------+


+------------------------------------------------------+
; General Register Statistics                          ;
+----------------------------------------------+-------+
; Statistic                                    ; Value ;
+----------------------------------------------+-------+
; Total registers                              ; 4     ;
; Number of registers using Synchronous Clear  ; 0     ;
; Number of registers using Synchronous Load   ; 0     ;
; Number of registers using Asynchronous Clear ; 0     ;
; Number of registers using Asynchronous Load  ; 0     ;
; Number of registers using Clock Enable       ; 0     ;
; Number of registers using Preset             ; 0     ;
+----------------------------------------------+-------+


+-----------------------------------------------------+
; Post-Synthesis Netlist Statistics for Top Partition ;
+-----------------------+-----------------------------+
; Type                  ; Count                       ;
+-----------------------+-----------------------------+
; boundary_port         ; 145                         ;
; cycloneiii_ff         ; 4                           ;
;     plain             ; 4                           ;
; cycloneiii_lcell_comb ; 5                           ;
;     normal            ; 5                           ;
;         0 data inputs ; 1                           ;
;         1 data inputs ; 2                           ;
;         2 data inputs ; 2                           ;
;                       ;                             ;
; Max LUT depth         ; 2.00                        ;
; Average LUT depth     ; 0.61                        ;
+-----------------------+-----------------------------+


+-------------------------------+
; Elapsed Time Per Partition    ;
+----------------+--------------+
; Partition Name ; Elapsed Time ;
+----------------+--------------+
; Top            ; 00:00:00     ;
+----------------+--------------+


+-------------------------------+
; Analysis & Synthesis Messages ;
+-------------------------------+
Info: *******************************************************************
Info: Running Quartus Prime Analysis & Synthesis
    Info: Version 18.1.0 Build 625 09/12/2018 SJ Lite Edition
    Info: Processing started: Tue May 24 19:17:54 2022
Info: Command: quartus_map --read_settings_files=on --write_settings_files=off UControl -c UControl
Warning (18236): Number of processors has not been specified which may cause overloading on shared machines.  Set the global assignment NUM_PARALLEL_PROCESSORS in your QSF to an appropriate value for best performance.
Info (20030): Parallel compilation is enabled and will use 6 of the 6 processors detected
Warning (12125): Using design file ucontrol.vhd, which is not specified as a design file for the current project, but contains definitions for 2 design units and 1 entities in project
    Info (12022): Found design unit 1: UControl-archUControl File: C:/Users/DanielC/Desktop/MiQroV11/UControl/ucontrol.vhd Line: 32
    Info (12023): Found entity 1: UControl File: C:/Users/DanielC/Desktop/MiQroV11/UControl/ucontrol.vhd Line: 6
Info (12127): Elaborating entity "UControl" for the top level hierarchy
Warning (10492): VHDL Process Statement warning at ucontrol.vhd(102): signal "Flags" is read inside the Process Statement but isn't in the Process Statement's sensitivity list File: C:/Users/DanielC/Desktop/MiQroV11/UControl/ucontrol.vhd Line: 102
Warning (10492): VHDL Process Statement warning at ucontrol.vhd(103): signal "Flags" is read inside the Process Statement but isn't in the Process Statement's sensitivity list File: C:/Users/DanielC/Desktop/MiQroV11/UControl/ucontrol.vhd Line: 103
Warning (10492): VHDL Process Statement warning at ucontrol.vhd(104): signal "Flags" is read inside the Process Statement but isn't in the Process Statement's sensitivity list File: C:/Users/DanielC/Desktop/MiQroV11/UControl/ucontrol.vhd Line: 104
Warning (10492): VHDL Process Statement warning at ucontrol.vhd(105): signal "Flags" is read inside the Process Statement but isn't in the Process Statement's sensitivity list File: C:/Users/DanielC/Desktop/MiQroV11/UControl/ucontrol.vhd Line: 105
Warning (10492): VHDL Process Statement warning at ucontrol.vhd(106): signal "Flags" is read inside the Process Statement but isn't in the Process Statement's sensitivity list File: C:/Users/DanielC/Desktop/MiQroV11/UControl/ucontrol.vhd Line: 106
Warning (10492): VHDL Process Statement warning at ucontrol.vhd(107): signal "Flags" is read inside the Process Statement but isn't in the Process Statement's sensitivity list File: C:/Users/DanielC/Desktop/MiQroV11/UControl/ucontrol.vhd Line: 107
Warning (10492): VHDL Process Statement warning at ucontrol.vhd(108): signal "Flags" is read inside the Process Statement but isn't in the Process Statement's sensitivity list File: C:/Users/DanielC/Desktop/MiQroV11/UControl/ucontrol.vhd Line: 108
Warning (10492): VHDL Process Statement warning at ucontrol.vhd(109): signal "Flags" is read inside the Process Statement but isn't in the Process Statement's sensitivity list File: C:/Users/DanielC/Desktop/MiQroV11/UControl/ucontrol.vhd Line: 109
Warning (10492): VHDL Process Statement warning at ucontrol.vhd(132): signal "RegEnableUCode" is read inside the Process Statement but isn't in the Process Statement's sensitivity list File: C:/Users/DanielC/Desktop/MiQroV11/UControl/ucontrol.vhd Line: 132
Warning (10492): VHDL Process Statement warning at ucontrol.vhd(133): signal "FuenteI" is read inside the Process Statement but isn't in the Process Statement's sensitivity list File: C:/Users/DanielC/Desktop/MiQroV11/UControl/ucontrol.vhd Line: 133
Warning (10492): VHDL Process Statement warning at ucontrol.vhd(137): signal "DirMbusUCode" is read inside the Process Statement but isn't in the Process Statement's sensitivity list File: C:/Users/DanielC/Desktop/MiQroV11/UControl/ucontrol.vhd Line: 137
Warning (10492): VHDL Process Statement warning at ucontrol.vhd(138): signal "DestinoI" is read inside the Process Statement but isn't in the Process Statement's sensitivity list File: C:/Users/DanielC/Desktop/MiQroV11/UControl/ucontrol.vhd Line: 138
Warning (10492): VHDL Process Statement warning at ucontrol.vhd(142): signal "MDR" is read inside the Process Statement but isn't in the Process Statement's sensitivity list File: C:/Users/DanielC/Desktop/MiQroV11/UControl/ucontrol.vhd Line: 142
Warning (10492): VHDL Process Statement warning at ucontrol.vhd(143): signal "MDR" is read inside the Process Statement but isn't in the Process Statement's sensitivity list File: C:/Users/DanielC/Desktop/MiQroV11/UControl/ucontrol.vhd Line: 143
Warning (10492): VHDL Process Statement warning at ucontrol.vhd(146): signal "MuxNxtAdd" is read inside the Process Statement but isn't in the Process Statement's sensitivity list File: C:/Users/DanielC/Desktop/MiQroV11/UControl/ucontrol.vhd Line: 146
Warning (10492): VHDL Process Statement warning at ucontrol.vhd(147): signal "NextAddUC" is read inside the Process Statement but isn't in the Process Statement's sensitivity list File: C:/Users/DanielC/Desktop/MiQroV11/UControl/ucontrol.vhd Line: 147
Warning (10492): VHDL Process Statement warning at ucontrol.vhd(148): signal "DestinoI" is read inside the Process Statement but isn't in the Process Statement's sensitivity list File: C:/Users/DanielC/Desktop/MiQroV11/UControl/ucontrol.vhd Line: 148
Warning (10492): VHDL Process Statement warning at ucontrol.vhd(149): signal "Cache" is read inside the Process Statement but isn't in the Process Statement's sensitivity list File: C:/Users/DanielC/Desktop/MiQroV11/UControl/ucontrol.vhd Line: 149
Warning (10631): VHDL Process Statement warning at ucontrol.vhd(129): inferring latch(es) for signal or variable "DestinoI", which holds its previous value in one or more paths through the process File: C:/Users/DanielC/Desktop/MiQroV11/UControl/ucontrol.vhd Line: 129
Warning (10631): VHDL Process Statement warning at ucontrol.vhd(129): inferring latch(es) for signal or variable "FuenteI", which holds its previous value in one or more paths through the process File: C:/Users/DanielC/Desktop/MiQroV11/UControl/ucontrol.vhd Line: 129
Info (10041): Inferred latch for "FuenteI[0]" at ucontrol.vhd(129) File: C:/Users/DanielC/Desktop/MiQroV11/UControl/ucontrol.vhd Line: 129
Info (10041): Inferred latch for "FuenteI[1]" at ucontrol.vhd(129) File: C:/Users/DanielC/Desktop/MiQroV11/UControl/ucontrol.vhd Line: 129
Info (10041): Inferred latch for "FuenteI[2]" at ucontrol.vhd(129) File: C:/Users/DanielC/Desktop/MiQroV11/UControl/ucontrol.vhd Line: 129
Info (10041): Inferred latch for "FuenteI[3]" at ucontrol.vhd(129) File: C:/Users/DanielC/Desktop/MiQroV11/UControl/ucontrol.vhd Line: 129
Info (10041): Inferred latch for "FuenteI[4]" at ucontrol.vhd(129) File: C:/Users/DanielC/Desktop/MiQroV11/UControl/ucontrol.vhd Line: 129
Info (10041): Inferred latch for "FuenteI[5]" at ucontrol.vhd(129) File: C:/Users/DanielC/Desktop/MiQroV11/UControl/ucontrol.vhd Line: 129
Info (10041): Inferred latch for "FuenteI[6]" at ucontrol.vhd(129) File: C:/Users/DanielC/Desktop/MiQroV11/UControl/ucontrol.vhd Line: 129
Info (10041): Inferred latch for "FuenteI[7]" at ucontrol.vhd(129) File: C:/Users/DanielC/Desktop/MiQroV11/UControl/ucontrol.vhd Line: 129
Info (10041): Inferred latch for "DestinoI[0]" at ucontrol.vhd(129) File: C:/Users/DanielC/Desktop/MiQroV11/UControl/ucontrol.vhd Line: 129
Info (10041): Inferred latch for "DestinoI[1]" at ucontrol.vhd(129) File: C:/Users/DanielC/Desktop/MiQroV11/UControl/ucontrol.vhd Line: 129
Info (10041): Inferred latch for "DestinoI[2]" at ucontrol.vhd(129) File: C:/Users/DanielC/Desktop/MiQroV11/UControl/ucontrol.vhd Line: 129
Info (10041): Inferred latch for "DestinoI[3]" at ucontrol.vhd(129) File: C:/Users/DanielC/Desktop/MiQroV11/UControl/ucontrol.vhd Line: 129
Info (10041): Inferred latch for "DestinoI[4]" at ucontrol.vhd(129) File: C:/Users/DanielC/Desktop/MiQroV11/UControl/ucontrol.vhd Line: 129
Info (10041): Inferred latch for "DestinoI[5]" at ucontrol.vhd(129) File: C:/Users/DanielC/Desktop/MiQroV11/UControl/ucontrol.vhd Line: 129
Info (10041): Inferred latch for "DestinoI[6]" at ucontrol.vhd(129) File: C:/Users/DanielC/Desktop/MiQroV11/UControl/ucontrol.vhd Line: 129
Info (10041): Inferred latch for "DestinoI[7]" at ucontrol.vhd(129) File: C:/Users/DanielC/Desktop/MiQroV11/UControl/ucontrol.vhd Line: 129
Warning (13024): Output pins are stuck at VCC or GND
    Warning (13410): Pin "MBusMux[2]" is stuck at GND File: C:/Users/DanielC/Desktop/MiQroV11/UControl/ucontrol.vhd Line: 12
    Warning (13410): Pin "MBusMux[3]" is stuck at GND File: C:/Users/DanielC/Desktop/MiQroV11/UControl/ucontrol.vhd Line: 12
    Warning (13410): Pin "MBusMux[4]" is stuck at GND File: C:/Users/DanielC/Desktop/MiQroV11/UControl/ucontrol.vhd Line: 12
    Warning (13410): Pin "RegEn[2]" is stuck at GND File: C:/Users/DanielC/Desktop/MiQroV11/UControl/ucontrol.vhd Line: 13
    Warning (13410): Pin "RegEn[3]" is stuck at GND File: C:/Users/DanielC/Desktop/MiQroV11/UControl/ucontrol.vhd Line: 13
    Warning (13410): Pin "RegVal[2]" is stuck at GND File: C:/Users/DanielC/Desktop/MiQroV11/UControl/ucontrol.vhd Line: 14
    Warning (13410): Pin "RegVal[3]" is stuck at GND File: C:/Users/DanielC/Desktop/MiQroV11/UControl/ucontrol.vhd Line: 14
    Warning (13410): Pin "MuxA" is stuck at GND File: C:/Users/DanielC/Desktop/MiQroV11/UControl/ucontrol.vhd Line: 15
    Warning (13410): Pin "MuxMAR" is stuck at GND File: C:/Users/DanielC/Desktop/MiQroV11/UControl/ucontrol.vhd Line: 18
    Warning (13410): Pin "EnableDeco" is stuck at GND File: C:/Users/DanielC/Desktop/MiQroV11/UControl/ucontrol.vhd Line: 19
    Warning (13410): Pin "MuxRAM" is stuck at GND File: C:/Users/DanielC/Desktop/MiQroV11/UControl/ucontrol.vhd Line: 20
    Warning (13410): Pin "WR_Ram" is stuck at GND File: C:/Users/DanielC/Desktop/MiQroV11/UControl/ucontrol.vhd Line: 21
    Warning (13410): Pin "Fuente[0]" is stuck at GND File: C:/Users/DanielC/Desktop/MiQroV11/UControl/ucontrol.vhd Line: 23
    Warning (13410): Pin "Fuente[1]" is stuck at GND File: C:/Users/DanielC/Desktop/MiQroV11/UControl/ucontrol.vhd Line: 23
    Warning (13410): Pin "Fuente[2]" is stuck at GND File: C:/Users/DanielC/Desktop/MiQroV11/UControl/ucontrol.vhd Line: 23
    Warning (13410): Pin "Fuente[3]" is stuck at GND File: C:/Users/DanielC/Desktop/MiQroV11/UControl/ucontrol.vhd Line: 23
    Warning (13410): Pin "Fuente[4]" is stuck at GND File: C:/Users/DanielC/Desktop/MiQroV11/UControl/ucontrol.vhd Line: 23
    Warning (13410): Pin "Fuente[5]" is stuck at GND File: C:/Users/DanielC/Desktop/MiQroV11/UControl/ucontrol.vhd Line: 23
    Warning (13410): Pin "Fuente[6]" is stuck at GND File: C:/Users/DanielC/Desktop/MiQroV11/UControl/ucontrol.vhd Line: 23
    Warning (13410): Pin "Fuente[7]" is stuck at GND File: C:/Users/DanielC/Desktop/MiQroV11/UControl/ucontrol.vhd Line: 23
    Warning (13410): Pin "UMemOut[2]" is stuck at GND File: C:/Users/DanielC/Desktop/MiQroV11/UControl/ucontrol.vhd Line: 24
    Warning (13410): Pin "UMemOut[3]" is stuck at GND File: C:/Users/DanielC/Desktop/MiQroV11/UControl/ucontrol.vhd Line: 24
    Warning (13410): Pin "UMemOut[4]" is stuck at GND File: C:/Users/DanielC/Desktop/MiQroV11/UControl/ucontrol.vhd Line: 24
    Warning (13410): Pin "UMemOut[5]" is stuck at GND File: C:/Users/DanielC/Desktop/MiQroV11/UControl/ucontrol.vhd Line: 24
    Warning (13410): Pin "UMemOut[6]" is stuck at GND File: C:/Users/DanielC/Desktop/MiQroV11/UControl/ucontrol.vhd Line: 24
    Warning (13410): Pin "UMemOut[7]" is stuck at GND File: C:/Users/DanielC/Desktop/MiQroV11/UControl/ucontrol.vhd Line: 24
    Warning (13410): Pin "UMemOut[8]" is stuck at GND File: C:/Users/DanielC/Desktop/MiQroV11/UControl/ucontrol.vhd Line: 24
    Warning (13410): Pin "UMemOut[9]" is stuck at GND File: C:/Users/DanielC/Desktop/MiQroV11/UControl/ucontrol.vhd Line: 24
    Warning (13410): Pin "UMemOut[10]" is stuck at GND File: C:/Users/DanielC/Desktop/MiQroV11/UControl/ucontrol.vhd Line: 24
    Warning (13410): Pin "UMemOut[11]" is stuck at GND File: C:/Users/DanielC/Desktop/MiQroV11/UControl/ucontrol.vhd Line: 24
    Warning (13410): Pin "UMemOut[12]" is stuck at GND File: C:/Users/DanielC/Desktop/MiQroV11/UControl/ucontrol.vhd Line: 24
    Warning (13410): Pin "UMemOut[13]" is stuck at GND File: C:/Users/DanielC/Desktop/MiQroV11/UControl/ucontrol.vhd Line: 24
    Warning (13410): Pin "UMemOut[14]" is stuck at GND File: C:/Users/DanielC/Desktop/MiQroV11/UControl/ucontrol.vhd Line: 24
    Warning (13410): Pin "UMemOut[15]" is stuck at GND File: C:/Users/DanielC/Desktop/MiQroV11/UControl/ucontrol.vhd Line: 24
    Warning (13410): Pin "UMemOut[18]" is stuck at GND File: C:/Users/DanielC/Desktop/MiQroV11/UControl/ucontrol.vhd Line: 24
    Warning (13410): Pin "UMemOut[19]" is stuck at GND File: C:/Users/DanielC/Desktop/MiQroV11/UControl/ucontrol.vhd Line: 24
    Warning (13410): Pin "UMemOut[20]" is stuck at GND File: C:/Users/DanielC/Desktop/MiQroV11/UControl/ucontrol.vhd Line: 24
    Warning (13410): Pin "UMemOut[21]" is stuck at GND File: C:/Users/DanielC/Desktop/MiQroV11/UControl/ucontrol.vhd Line: 24
    Warning (13410): Pin "UMemOut[22]" is stuck at GND File: C:/Users/DanielC/Desktop/MiQroV11/UControl/ucontrol.vhd Line: 24
    Warning (13410): Pin "UMemOut[23]" is stuck at GND File: C:/Users/DanielC/Desktop/MiQroV11/UControl/ucontrol.vhd Line: 24
    Warning (13410): Pin "UMemOut[24]" is stuck at GND File: C:/Users/DanielC/Desktop/MiQroV11/UControl/ucontrol.vhd Line: 24
    Warning (13410): Pin "UMemOut[25]" is stuck at GND File: C:/Users/DanielC/Desktop/MiQroV11/UControl/ucontrol.vhd Line: 24
    Warning (13410): Pin "UMemOut[26]" is stuck at GND File: C:/Users/DanielC/Desktop/MiQroV11/UControl/ucontrol.vhd Line: 24
    Warning (13410): Pin "UMemOut[27]" is stuck at GND File: C:/Users/DanielC/Desktop/MiQroV11/UControl/ucontrol.vhd Line: 24
    Warning (13410): Pin "UMemOut[28]" is stuck at GND File: C:/Users/DanielC/Desktop/MiQroV11/UControl/ucontrol.vhd Line: 24
    Warning (13410): Pin "UMemOut[29]" is stuck at GND File: C:/Users/DanielC/Desktop/MiQroV11/UControl/ucontrol.vhd Line: 24
    Warning (13410): Pin "UMemOut[30]" is stuck at GND File: C:/Users/DanielC/Desktop/MiQroV11/UControl/ucontrol.vhd Line: 24
    Warning (13410): Pin "UMemOut[31]" is stuck at GND File: C:/Users/DanielC/Desktop/MiQroV11/UControl/ucontrol.vhd Line: 24
    Warning (13410): Pin "UMemOut[34]" is stuck at GND File: C:/Users/DanielC/Desktop/MiQroV11/UControl/ucontrol.vhd Line: 24
    Warning (13410): Pin "UMemOut[35]" is stuck at GND File: C:/Users/DanielC/Desktop/MiQroV11/UControl/ucontrol.vhd Line: 24
    Warning (13410): Pin "UMemOut[36]" is stuck at GND File: C:/Users/DanielC/Desktop/MiQroV11/UControl/ucontrol.vhd Line: 24
    Warning (13410): Pin "UMemOut[37]" is stuck at GND File: C:/Users/DanielC/Desktop/MiQroV11/UControl/ucontrol.vhd Line: 24
    Warning (13410): Pin "UMemOut[38]" is stuck at GND File: C:/Users/DanielC/Desktop/MiQroV11/UControl/ucontrol.vhd Line: 24
    Warning (13410): Pin "UMemOut[39]" is stuck at GND File: C:/Users/DanielC/Desktop/MiQroV11/UControl/ucontrol.vhd Line: 24
    Warning (13410): Pin "UMemOut[40]" is stuck at GND File: C:/Users/DanielC/Desktop/MiQroV11/UControl/ucontrol.vhd Line: 24
    Warning (13410): Pin "UMemOut[41]" is stuck at GND File: C:/Users/DanielC/Desktop/MiQroV11/UControl/ucontrol.vhd Line: 24
    Warning (13410): Pin "UMemOut[42]" is stuck at GND File: C:/Users/DanielC/Desktop/MiQroV11/UControl/ucontrol.vhd Line: 24
    Warning (13410): Pin "UMemOut[43]" is stuck at GND File: C:/Users/DanielC/Desktop/MiQroV11/UControl/ucontrol.vhd Line: 24
    Warning (13410): Pin "UMemOut[44]" is stuck at GND File: C:/Users/DanielC/Desktop/MiQroV11/UControl/ucontrol.vhd Line: 24
    Warning (13410): Pin "UMemOut[47]" is stuck at GND File: C:/Users/DanielC/Desktop/MiQroV11/UControl/ucontrol.vhd Line: 24
    Warning (13410): Pin "UMemOut[50]" is stuck at GND File: C:/Users/DanielC/Desktop/MiQroV11/UControl/ucontrol.vhd Line: 24
    Warning (13410): Pin "UMemOut[51]" is stuck at GND File: C:/Users/DanielC/Desktop/MiQroV11/UControl/ucontrol.vhd Line: 24
    Warning (13410): Pin "UMemOut[54]" is stuck at GND File: C:/Users/DanielC/Desktop/MiQroV11/UControl/ucontrol.vhd Line: 24
    Warning (13410): Pin "UMemOut[57]" is stuck at GND File: C:/Users/DanielC/Desktop/MiQroV11/UControl/ucontrol.vhd Line: 24
    Warning (13410): Pin "UMemOut[58]" is stuck at GND File: C:/Users/DanielC/Desktop/MiQroV11/UControl/ucontrol.vhd Line: 24
    Warning (13410): Pin "UMemOut[61]" is stuck at GND File: C:/Users/DanielC/Desktop/MiQroV11/UControl/ucontrol.vhd Line: 24
    Warning (13410): Pin "UMemOut[62]" is stuck at GND File: C:/Users/DanielC/Desktop/MiQroV11/UControl/ucontrol.vhd Line: 24
    Warning (13410): Pin "UMemOut[63]" is stuck at GND File: C:/Users/DanielC/Desktop/MiQroV11/UControl/ucontrol.vhd Line: 24
    Warning (13410): Pin "ALU[2]" is stuck at GND File: C:/Users/DanielC/Desktop/MiQroV11/UControl/ucontrol.vhd Line: 25
Info (286030): Timing-Driven Synthesis is running
Info (16010): Generating hard_block partition "hard_block:auto_generated_inst"
    Info (16011): Adding 0 node(s), including 0 DDIO, 0 PLL, 0 transceiver and 0 LCELL
Warning (21074): Design contains 33 input pin(s) that do not drive logic
    Warning (15610): No output dependent on input pin "rst" File: C:/Users/DanielC/Desktop/MiQroV11/UControl/ucontrol.vhd Line: 8
    Warning (15610): No output dependent on input pin "Flags[0]" File: C:/Users/DanielC/Desktop/MiQroV11/UControl/ucontrol.vhd Line: 9
    Warning (15610): No output dependent on input pin "Flags[1]" File: C:/Users/DanielC/Desktop/MiQroV11/UControl/ucontrol.vhd Line: 9
    Warning (15610): No output dependent on input pin "Flags[2]" File: C:/Users/DanielC/Desktop/MiQroV11/UControl/ucontrol.vhd Line: 9
    Warning (15610): No output dependent on input pin "Flags[3]" File: C:/Users/DanielC/Desktop/MiQroV11/UControl/ucontrol.vhd Line: 9
    Warning (15610): No output dependent on input pin "Flags[4]" File: C:/Users/DanielC/Desktop/MiQroV11/UControl/ucontrol.vhd Line: 9
    Warning (15610): No output dependent on input pin "Flags[5]" File: C:/Users/DanielC/Desktop/MiQroV11/UControl/ucontrol.vhd Line: 9
    Warning (15610): No output dependent on input pin "Flags[6]" File: C:/Users/DanielC/Desktop/MiQroV11/UControl/ucontrol.vhd Line: 9
    Warning (15610): No output dependent on input pin "Flags[7]" File: C:/Users/DanielC/Desktop/MiQroV11/UControl/ucontrol.vhd Line: 9
    Warning (15610): No output dependent on input pin "Flags[8]" File: C:/Users/DanielC/Desktop/MiQroV11/UControl/ucontrol.vhd Line: 9
    Warning (15610): No output dependent on input pin "Flags[9]" File: C:/Users/DanielC/Desktop/MiQroV11/UControl/ucontrol.vhd Line: 9
    Warning (15610): No output dependent on input pin "Flags[10]" File: C:/Users/DanielC/Desktop/MiQroV11/UControl/ucontrol.vhd Line: 9
    Warning (15610): No output dependent on input pin "Flags[11]" File: C:/Users/DanielC/Desktop/MiQroV11/UControl/ucontrol.vhd Line: 9
    Warning (15610): No output dependent on input pin "Flags[12]" File: C:/Users/DanielC/Desktop/MiQroV11/UControl/ucontrol.vhd Line: 9
    Warning (15610): No output dependent on input pin "Flags[13]" File: C:/Users/DanielC/Desktop/MiQroV11/UControl/ucontrol.vhd Line: 9
    Warning (15610): No output dependent on input pin "Flags[14]" File: C:/Users/DanielC/Desktop/MiQroV11/UControl/ucontrol.vhd Line: 9
    Warning (15610): No output dependent on input pin "Flags[15]" File: C:/Users/DanielC/Desktop/MiQroV11/UControl/ucontrol.vhd Line: 9
    Warning (15610): No output dependent on input pin "Cache[0]" File: C:/Users/DanielC/Desktop/MiQroV11/UControl/ucontrol.vhd Line: 11
    Warning (15610): No output dependent on input pin "Cache[1]" File: C:/Users/DanielC/Desktop/MiQroV11/UControl/ucontrol.vhd Line: 11
    Warning (15610): No output dependent on input pin "Cache[2]" File: C:/Users/DanielC/Desktop/MiQroV11/UControl/ucontrol.vhd Line: 11
    Warning (15610): No output dependent on input pin "Cache[3]" File: C:/Users/DanielC/Desktop/MiQroV11/UControl/ucontrol.vhd Line: 11
    Warning (15610): No output dependent on input pin "Cache[4]" File: C:/Users/DanielC/Desktop/MiQroV11/UControl/ucontrol.vhd Line: 11
    Warning (15610): No output dependent on input pin "Cache[5]" File: C:/Users/DanielC/Desktop/MiQroV11/UControl/ucontrol.vhd Line: 11
    Warning (15610): No output dependent on input pin "Cache[6]" File: C:/Users/DanielC/Desktop/MiQroV11/UControl/ucontrol.vhd Line: 11
    Warning (15610): No output dependent on input pin "Cache[7]" File: C:/Users/DanielC/Desktop/MiQroV11/UControl/ucontrol.vhd Line: 11
    Warning (15610): No output dependent on input pin "Cache[8]" File: C:/Users/DanielC/Desktop/MiQroV11/UControl/ucontrol.vhd Line: 11
    Warning (15610): No output dependent on input pin "Cache[9]" File: C:/Users/DanielC/Desktop/MiQroV11/UControl/ucontrol.vhd Line: 11
    Warning (15610): No output dependent on input pin "Cache[10]" File: C:/Users/DanielC/Desktop/MiQroV11/UControl/ucontrol.vhd Line: 11
    Warning (15610): No output dependent on input pin "Cache[11]" File: C:/Users/DanielC/Desktop/MiQroV11/UControl/ucontrol.vhd Line: 11
    Warning (15610): No output dependent on input pin "Cache[12]" File: C:/Users/DanielC/Desktop/MiQroV11/UControl/ucontrol.vhd Line: 11
    Warning (15610): No output dependent on input pin "Cache[13]" File: C:/Users/DanielC/Desktop/MiQroV11/UControl/ucontrol.vhd Line: 11
    Warning (15610): No output dependent on input pin "Cache[14]" File: C:/Users/DanielC/Desktop/MiQroV11/UControl/ucontrol.vhd Line: 11
    Warning (15610): No output dependent on input pin "Cache[15]" File: C:/Users/DanielC/Desktop/MiQroV11/UControl/ucontrol.vhd Line: 11
Info (21057): Implemented 151 device resources after synthesis - the final resource count might be different
    Info (21058): Implemented 42 input pins
    Info (21059): Implemented 103 output pins
    Info (21061): Implemented 6 logic cells
Info: Quartus Prime Analysis & Synthesis was successful. 0 errors, 126 warnings
    Info: Peak virtual memory: 4808 megabytes
    Info: Processing ended: Tue May 24 19:18:06 2022
    Info: Elapsed time: 00:00:12
    Info: Total CPU time (on all processors): 00:00:23


