Analysis & Synthesis report for ElMicro
Fri May 27 14:03:44 2022
Quartus Prime Version 18.1.0 Build 625 09/12/2018 SJ Lite Edition


---------------------
; Table of Contents ;
---------------------
  1. Legal Notice
  2. Analysis & Synthesis Summary
  3. Analysis & Synthesis Settings
  4. Parallel Compilation
  5. Analysis & Synthesis Messages



----------------
; Legal Notice ;
----------------
Copyright (C) 2018  Intel Corporation. All rights reserved.
Your use of Intel Corporation's design tools, logic functions 
and other software and tools, and its AMPP partner logic 
functions, and any output files from any of the foregoing 
(including device programming or simulation files), and any 
associated documentation or information are expressly subject 
to the terms and conditions of the Intel Program License 
Subscription Agreement, the Intel Quartus Prime License Agreement,
the Intel FPGA IP License Agreement, or other applicable license
agreement, including, without limitation, that your use is for
the sole purpose of programming logic devices manufactured by
Intel and sold by Intel or its authorized distributors.  Please
refer to the applicable agreement for further details.



+----------------------------------------------------------------------------------+
; Analysis & Synthesis Summary                                                     ;
+------------------------------------+---------------------------------------------+
; Analysis & Synthesis Status        ; Failed - Fri May 27 14:03:44 2022           ;
; Quartus Prime Version              ; 18.1.0 Build 625 09/12/2018 SJ Lite Edition ;
; Revision Name                      ; ElMicro                                     ;
; Top-level Entity Name              ; ElMicro                                     ;
; Family                             ; MAX 10                                      ;
; Total logic elements               ; N/A until Partition Merge                   ;
;     Total combinational functions  ; N/A until Partition Merge                   ;
;     Dedicated logic registers      ; N/A until Partition Merge                   ;
; Total registers                    ; N/A until Partition Merge                   ;
; Total pins                         ; N/A until Partition Merge                   ;
; Total virtual pins                 ; N/A until Partition Merge                   ;
; Total memory bits                  ; N/A until Partition Merge                   ;
; Embedded Multiplier 9-bit elements ; N/A until Partition Merge                   ;
; Total PLLs                         ; N/A until Partition Merge                   ;
; UFM blocks                         ; N/A until Partition Merge                   ;
; ADC blocks                         ; N/A until Partition Merge                   ;
+------------------------------------+---------------------------------------------+


+------------------------------------------------------------------------------------------------------------+
; Analysis & Synthesis Settings                                                                              ;
+------------------------------------------------------------------+--------------------+--------------------+
; Option                                                           ; Setting            ; Default Value      ;
+------------------------------------------------------------------+--------------------+--------------------+
; Device                                                           ; 10M50DAF484C7G     ;                    ;
; Top-level entity name                                            ; ElMicro            ; ElMicro            ;
; Family name                                                      ; MAX 10             ; Cyclone V          ;
; Use smart compilation                                            ; Off                ; Off                ;
; Enable parallel Assembler and Timing Analyzer during compilation ; On                 ; On                 ;
; Enable compact report table                                      ; Off                ; Off                ;
; Restructure Multiplexers                                         ; Auto               ; Auto               ;
; Create Debugging Nodes for IP Cores                              ; Off                ; Off                ;
; Preserve fewer node names                                        ; On                 ; On                 ;
; Intel FPGA IP Evaluation Mode                                    ; Enable             ; Enable             ;
; Verilog Version                                                  ; Verilog_2001       ; Verilog_2001       ;
; VHDL Version                                                     ; VHDL_1993          ; VHDL_1993          ;
; State Machine Processing                                         ; Auto               ; Auto               ;
; Safe State Machine                                               ; Off                ; Off                ;
; Extract Verilog State Machines                                   ; On                 ; On                 ;
; Extract VHDL State Machines                                      ; On                 ; On                 ;
; Ignore Verilog initial constructs                                ; Off                ; Off                ;
; Iteration limit for constant Verilog loops                       ; 5000               ; 5000               ;
; Iteration limit for non-constant Verilog loops                   ; 250                ; 250                ;
; Add Pass-Through Logic to Inferred RAMs                          ; On                 ; On                 ;
; Infer RAMs from Raw Logic                                        ; On                 ; On                 ;
; Parallel Synthesis                                               ; On                 ; On                 ;
; DSP Block Balancing                                              ; Auto               ; Auto               ;
; NOT Gate Push-Back                                               ; On                 ; On                 ;
; Power-Up Don't Care                                              ; On                 ; On                 ;
; Remove Redundant Logic Cells                                     ; Off                ; Off                ;
; Remove Duplicate Registers                                       ; On                 ; On                 ;
; Ignore CARRY Buffers                                             ; Off                ; Off                ;
; Ignore CASCADE Buffers                                           ; Off                ; Off                ;
; Ignore GLOBAL Buffers                                            ; Off                ; Off                ;
; Ignore ROW GLOBAL Buffers                                        ; Off                ; Off                ;
; Ignore LCELL Buffers                                             ; Off                ; Off                ;
; Ignore SOFT Buffers                                              ; On                 ; On                 ;
; Limit AHDL Integers to 32 Bits                                   ; Off                ; Off                ;
; Optimization Technique                                           ; Balanced           ; Balanced           ;
; Carry Chain Length                                               ; 70                 ; 70                 ;
; Auto Carry Chains                                                ; On                 ; On                 ;
; Auto Open-Drain Pins                                             ; On                 ; On                 ;
; Perform WYSIWYG Primitive Resynthesis                            ; Off                ; Off                ;
; Auto ROM Replacement                                             ; On                 ; On                 ;
; Auto RAM Replacement                                             ; On                 ; On                 ;
; Auto DSP Block Replacement                                       ; On                 ; On                 ;
; Auto Shift Register Replacement                                  ; Auto               ; Auto               ;
; Allow Shift Register Merging across Hierarchies                  ; Auto               ; Auto               ;
; Auto Clock Enable Replacement                                    ; On                 ; On                 ;
; Strict RAM Replacement                                           ; Off                ; Off                ;
; Allow Synchronous Control Signals                                ; On                 ; On                 ;
; Force Use of Synchronous Clear Signals                           ; Off                ; Off                ;
; Auto RAM Block Balancing                                         ; On                 ; On                 ;
; Auto RAM to Logic Cell Conversion                                ; Off                ; Off                ;
; Auto Resource Sharing                                            ; Off                ; Off                ;
; Allow Any RAM Size For Recognition                               ; Off                ; Off                ;
; Allow Any ROM Size For Recognition                               ; Off                ; Off                ;
; Allow Any Shift Register Size For Recognition                    ; Off                ; Off                ;
; Use LogicLock Constraints during Resource Balancing              ; On                 ; On                 ;
; Ignore translate_off and synthesis_off directives                ; Off                ; Off                ;
; Timing-Driven Synthesis                                          ; On                 ; On                 ;
; Report Parameter Settings                                        ; On                 ; On                 ;
; Report Source Assignments                                        ; On                 ; On                 ;
; Report Connectivity Checks                                       ; On                 ; On                 ;
; Ignore Maximum Fan-Out Assignments                               ; Off                ; Off                ;
; Synchronization Register Chain Length                            ; 2                  ; 2                  ;
; Power Optimization During Synthesis                              ; Normal compilation ; Normal compilation ;
; HDL message level                                                ; Level2             ; Level2             ;
; Suppress Register Optimization Related Messages                  ; Off                ; Off                ;
; Number of Removed Registers Reported in Synthesis Report         ; 5000               ; 5000               ;
; Number of Swept Nodes Reported in Synthesis Report               ; 5000               ; 5000               ;
; Number of Inverted Registers Reported in Synthesis Report        ; 100                ; 100                ;
; Clock MUX Protection                                             ; On                 ; On                 ;
; Auto Gated Clock Conversion                                      ; Off                ; Off                ;
; Block Design Naming                                              ; Auto               ; Auto               ;
; SDC constraint protection                                        ; Off                ; Off                ;
; Synthesis Effort                                                 ; Auto               ; Auto               ;
; Shift Register Replacement - Allow Asynchronous Clear Signal     ; On                 ; On                 ;
; Pre-Mapping Resynthesis Optimization                             ; Off                ; Off                ;
; Analysis & Synthesis Message Level                               ; Medium             ; Medium             ;
; Disable Register Merging Across Hierarchies                      ; Auto               ; Auto               ;
; Resource Aware Inference For Block RAM                           ; On                 ; On                 ;
+------------------------------------------------------------------+--------------------+--------------------+


+------------------------------------------+
; Parallel Compilation                     ;
+----------------------------+-------------+
; Processors                 ; Number      ;
+----------------------------+-------------+
; Number detected on machine ; 16          ;
; Maximum allowed            ; 16          ;
;                            ;             ;
; Average used               ; 1.00        ;
; Maximum used               ; 1           ;
;                            ;             ;
; Usage by Processor         ; % Time Used ;
;     Processor 1            ; 100.0%      ;
+----------------------------+-------------+


+-------------------------------+
; Analysis & Synthesis Messages ;
+-------------------------------+
Info: *******************************************************************
Info: Running Quartus Prime Analysis & Synthesis
    Info: Version 18.1.0 Build 625 09/12/2018 SJ Lite Edition
    Info: Processing started: Fri May 27 14:03:33 2022
Info: Command: quartus_map --read_settings_files=on --write_settings_files=off ElMicro -c ElMicro
Warning (18236): Number of processors has not been specified which may cause overloading on shared machines.  Set the global assignment NUM_PARALLEL_PROCESSORS in your QSF to an appropriate value for best performance.
Info (20030): Parallel compilation is enabled and will use 16 of the 16 processors detected
Info (12021): Found 1 design units, including 1 entities, in source file /users/memof/onedrive/profe ii/8vo/embebidos/miqro/proyecto/miqroeva/miqrov11/ram/ram.bdf
    Info (12023): Found entity 1: RAM
Info (12021): Found 0 design units, including 0 entities, in source file /users/memof/onedrive/profe ii/8vo/embebidos/miqro/proyecto/miqroeva/miqrov11/ram/r1_inst.vhd
Info (12021): Found 2 design units, including 1 entities, in source file /users/memof/onedrive/profe ii/8vo/embebidos/miqro/proyecto/miqroeva/miqrov11/ram/r1.vhd
    Info (12022): Found design unit 1: r1-SYN File: C:/Users/memof/OneDrive/Profe II/8vo/Embebidos/MiQro/Proyecto/MiQroEVA/MiQroV11/RAM/R1.vhd Line: 54
    Info (12023): Found entity 1: R1 File: C:/Users/memof/OneDrive/Profe II/8vo/Embebidos/MiQro/Proyecto/MiQroEVA/MiQroV11/RAM/R1.vhd Line: 42
Info (12021): Found 2 design units, including 1 entities, in source file /users/memof/onedrive/profe ii/8vo/embebidos/miqro/proyecto/miqroeva/miqrov11/alu_1/alu.vhd
    Info (12022): Found design unit 1: ALU-A File: C:/Users/memof/OneDrive/Profe II/8vo/Embebidos/MiQro/Proyecto/MiQroEVA/MiQroV11/ALU_1/ALU.vhd Line: 14
    Info (12023): Found entity 1: ALU File: C:/Users/memof/OneDrive/Profe II/8vo/Embebidos/MiQro/Proyecto/MiQroEVA/MiQroV11/ALU_1/ALU.vhd Line: 6
Info (12021): Found 2 design units, including 1 entities, in source file universalshiftregister.vhd
    Info (12022): Found design unit 1: UniversalShiftRegister-Behavioral File: C:/Users/memof/OneDrive/Profe II/8vo/Embebidos/MiQro/Proyecto/MiQroEVA/MiQroV11/ElMicro/UniversalShiftRegister.vhd Line: 26
    Info (12023): Found entity 1: UniversalShiftRegister File: C:/Users/memof/OneDrive/Profe II/8vo/Embebidos/MiQro/Proyecto/MiQroEVA/MiQroV11/ElMicro/UniversalShiftRegister.vhd Line: 17
Info (12021): Found 1 design units, including 1 entities, in source file elmicro.bdf
    Info (12023): Found entity 1: ElMicro
Info (12021): Found 1 design units, including 1 entities, in source file busmux16to1.tdf
    Info (12023): Found entity 1: busmux16to1 File: C:/Users/memof/OneDrive/Profe II/8vo/Embebidos/MiQro/Proyecto/MiQroEVA/MiQroV11/ElMicro/busmux16to1.tdf Line: 6
Info (12021): Found 2 design units, including 1 entities, in source file r2.vhd
    Info (12022): Found design unit 1: r2-SYN File: C:/Users/memof/OneDrive/Profe II/8vo/Embebidos/MiQro/Proyecto/MiQroEVA/MiQroV11/ElMicro/R2.vhd Line: 54
    Info (12023): Found entity 1: R2 File: C:/Users/memof/OneDrive/Profe II/8vo/Embebidos/MiQro/Proyecto/MiQroEVA/MiQroV11/ElMicro/R2.vhd Line: 42
Info (12021): Found 2 design units, including 1 entities, in source file rp.vhd
    Info (12022): Found design unit 1: rp-SYN File: C:/Users/memof/OneDrive/Profe II/8vo/Embebidos/MiQro/Proyecto/MiQroEVA/MiQroV11/ElMicro/RP.vhd Line: 54
    Info (12023): Found entity 1: RP File: C:/Users/memof/OneDrive/Profe II/8vo/Embebidos/MiQro/Proyecto/MiQroEVA/MiQroV11/ElMicro/RP.vhd Line: 42
Info (12021): Found 2 design units, including 1 entities, in source file dec.vhd
    Info (12022): Found design unit 1: Dec-Behavioral File: C:/Users/memof/OneDrive/Profe II/8vo/Embebidos/MiQro/Proyecto/MiQroEVA/MiQroV11/ElMicro/Dec.vhd Line: 23
    Info (12023): Found entity 1: Dec File: C:/Users/memof/OneDrive/Profe II/8vo/Embebidos/MiQro/Proyecto/MiQroEVA/MiQroV11/ElMicro/Dec.vhd Line: 17
Info (12021): Found 2 design units, including 1 entities, in source file mem_programa.vhd
    Info (12022): Found design unit 1: mem_programa-rtl File: C:/Users/memof/OneDrive/Profe II/8vo/Embebidos/MiQro/Proyecto/MiQroEVA/MiQroV11/ElMicro/mem_programa.vhd Line: 13
    Info (12023): Found entity 1: mem_programa File: C:/Users/memof/OneDrive/Profe II/8vo/Embebidos/MiQro/Proyecto/MiQroEVA/MiQroV11/ElMicro/mem_programa.vhd Line: 6
Info (12021): Found 2 design units, including 1 entities, in source file ucontrol.vhd
    Info (12022): Found design unit 1: UControl-archUControl File: C:/Users/memof/OneDrive/Profe II/8vo/Embebidos/MiQro/Proyecto/MiQroEVA/MiQroV11/ElMicro/UControl.vhd Line: 31
    Info (12023): Found entity 1: UControl File: C:/Users/memof/OneDrive/Profe II/8vo/Embebidos/MiQro/Proyecto/MiQroEVA/MiQroV11/ElMicro/UControl.vhd Line: 6
Info (12127): Elaborating entity "ElMicro" for the top level hierarchy
Warning (275083): Bus "data10[7..0]" found using same base name as "data1", which might lead to a name conflict.
Warning (275083): Bus "data11[7..0]" found using same base name as "data1", which might lead to a name conflict.
Warning (275083): Bus "data12[7..0]" found using same base name as "data1", which might lead to a name conflict.
Warning (275083): Bus "data13[7..0]" found using same base name as "data1", which might lead to a name conflict.
Warning (275083): Bus "data14[7..0]" found using same base name as "data1", which might lead to a name conflict.
Warning (275083): Bus "data15[7..0]" found using same base name as "data1", which might lead to a name conflict.
Warning (275083): Bus "data16[7..0]" found using same base name as "data1", which might lead to a name conflict.
Warning (275083): Bus "data17[7..0]" found using same base name as "data1", which might lead to a name conflict.
Warning (275083): Bus "data20[7..0]" found using same base name as "data2", which might lead to a name conflict.
Warning (275083): Bus "data21[7..0]" found using same base name as "data2", which might lead to a name conflict.
Warning (275083): Bus "data22[7..0]" found using same base name as "data2", which might lead to a name conflict.
Warning (275083): Bus "data23[7..0]" found using same base name as "data2", which might lead to a name conflict.
Warning (275083): Bus "data24[7..0]" found using same base name as "data2", which might lead to a name conflict.
Warning (275083): Bus "data25[7..0]" found using same base name as "data2", which might lead to a name conflict.
Warning (275083): Bus "data26[7..0]" found using same base name as "data2", which might lead to a name conflict.
Warning (275083): Bus "data27[7..0]" found using same base name as "data2", which might lead to a name conflict.
Warning (275083): Bus "data30[7..0]" found using same base name as "data3", which might lead to a name conflict.
Warning (275083): Bus "data31[7..0]" found using same base name as "data3", which might lead to a name conflict.
Warning (275080): Converted elements in bus name "data1" using legacy naming rules. Make any assignments on the new names, not on the original names.
    Warning (275081): Converted element name(s) from "data1[7..0]" to "data17..0"
Warning (275080): Converted elements in bus name "data10" using legacy naming rules. Make any assignments on the new names, not on the original names.
    Warning (275081): Converted element name(s) from "data10[7..0]" to "data107..0"
Warning (275080): Converted elements in bus name "data11" using legacy naming rules. Make any assignments on the new names, not on the original names.
    Warning (275081): Converted element name(s) from "data11[7..0]" to "data117..0"
Warning (275080): Converted elements in bus name "data12" using legacy naming rules. Make any assignments on the new names, not on the original names.
    Warning (275081): Converted element name(s) from "data12[7..0]" to "data127..0"
Warning (275080): Converted elements in bus name "data13" using legacy naming rules. Make any assignments on the new names, not on the original names.
    Warning (275081): Converted element name(s) from "data13[7..0]" to "data137..0"
Warning (275080): Converted elements in bus name "data14" using legacy naming rules. Make any assignments on the new names, not on the original names.
    Warning (275081): Converted element name(s) from "data14[7..0]" to "data147..0"
Warning (275080): Converted elements in bus name "data15" using legacy naming rules. Make any assignments on the new names, not on the original names.
    Warning (275081): Converted element name(s) from "data15[7..0]" to "data157..0"
Warning (275080): Converted elements in bus name "data16" using legacy naming rules. Make any assignments on the new names, not on the original names.
    Warning (275081): Converted element name(s) from "data16[7..0]" to "data167..0"
Warning (275080): Converted elements in bus name "data17" using legacy naming rules. Make any assignments on the new names, not on the original names.
    Warning (275081): Converted element name(s) from "data17[7..0]" to "data177..0"
Warning (275080): Converted elements in bus name "data2" using legacy naming rules. Make any assignments on the new names, not on the original names.
    Warning (275081): Converted element name(s) from "data2[7..0]" to "data27..0"
Warning (275080): Converted elements in bus name "data20" using legacy naming rules. Make any assignments on the new names, not on the original names.
    Warning (275081): Converted element name(s) from "data20[7..0]" to "data207..0"
Warning (275080): Converted elements in bus name "data21" using legacy naming rules. Make any assignments on the new names, not on the original names.
    Warning (275081): Converted element name(s) from "data21[7..0]" to "data217..0"
Warning (275080): Converted elements in bus name "data22" using legacy naming rules. Make any assignments on the new names, not on the original names.
    Warning (275081): Converted element name(s) from "data22[7..0]" to "data227..0"
Warning (275080): Converted elements in bus name "data23" using legacy naming rules. Make any assignments on the new names, not on the original names.
    Warning (275081): Converted element name(s) from "data23[7..0]" to "data237..0"
Warning (275080): Converted elements in bus name "data24" using legacy naming rules. Make any assignments on the new names, not on the original names.
    Warning (275081): Converted element name(s) from "data24[7..0]" to "data247..0"
Warning (275080): Converted elements in bus name "data25" using legacy naming rules. Make any assignments on the new names, not on the original names.
    Warning (275081): Converted element name(s) from "data25[7..0]" to "data257..0"
Warning (275080): Converted elements in bus name "data26" using legacy naming rules. Make any assignments on the new names, not on the original names.
    Warning (275081): Converted element name(s) from "data26[7..0]" to "data267..0"
Warning (275080): Converted elements in bus name "data27" using legacy naming rules. Make any assignments on the new names, not on the original names.
    Warning (275081): Converted element name(s) from "data27[7..0]" to "data277..0"
Warning (275080): Converted elements in bus name "data3" using legacy naming rules. Make any assignments on the new names, not on the original names.
    Warning (275081): Converted element name(s) from "data3[7..0]" to "data37..0"
Warning (275080): Converted elements in bus name "data30" using legacy naming rules. Make any assignments on the new names, not on the original names.
    Warning (275081): Converted element name(s) from "data30[7..0]" to "data307..0"
Warning (275080): Converted elements in bus name "data31" using legacy naming rules. Make any assignments on the new names, not on the original names.
    Warning (275081): Converted element name(s) from "data31[7..0]" to "data317..0"
Error (275044): Port "datab[WIDTH-1..0]" of type BUSMUX of instance "inst25" is missing source signal
Error (12153): Can't elaborate top-level user hierarchy
Error: Quartus Prime Analysis & Synthesis was unsuccessful. 2 errors, 61 warnings
    Error: Peak virtual memory: 4784 megabytes
    Error: Processing ended: Fri May 27 14:03:44 2022
    Error: Elapsed time: 00:00:11
    Error: Total CPU time (on all processors): 00:00:24


